[debug] [2021-08-28T13:44:32.766Z] ----------------------------------------------------------------------
[debug] [2021-08-28T13:44:32.768Z] Command:       C:\Program Files\nodejs\node.exe C:\Users\admin\AppData\Roaming\npm\node_modules\firebase-tools\lib\bin\firebase.js init
[debug] [2021-08-28T13:44:32.768Z] CLI Version:   9.16.5
[debug] [2021-08-28T13:44:32.768Z] Platform:      win32
[debug] [2021-08-28T13:44:32.768Z] Node Version:  v14.17.5
[debug] [2021-08-28T13:44:32.769Z] Time:          Sat Aug 28 2021 19:14:32 GMT+0530 (India Standard Time)
[debug] [2021-08-28T13:44:32.769Z] ----------------------------------------------------------------------
[debug] 
[debug] [2021-08-28T13:44:32.771Z] >>> [apiv2][query] GET https://firebase-public.firebaseio.com/cli.json [none]
[debug] [2021-08-28T13:44:32.789Z] > command requires scopes: ["email","openid","https://www.googleapis.com/auth/cloudplatformprojects.readonly","https://www.googleapis.com/auth/firebase","https://www.googleapis.com/auth/cloud-platform"]
[debug] [2021-08-28T13:44:32.790Z] > authorizing via signed-in user (rahulagre555@gmail.com)
[info] 
     ######## #### ########  ######## ########     ###     ######  ########
     ##        ##  ##     ## ##       ##     ##  ##   ##  ##       ##
     ######    ##  ########  ######   ########  #########  ######  ######
     ##        ##  ##    ##  ##       ##     ## ##     ##       ## ##
     ##       #### ##     ## ######## ########  ##     ##  ######  ########

You're about to initialize a Firebase project in this directory:

  D:\Project\google-clone\google-ui-clone

[debug] [2021-08-28T13:44:33.575Z] <<< [apiv2][status] GET https://firebase-public.firebaseio.com/cli.json 200
[debug] [2021-08-28T13:44:33.575Z] <<< [apiv2][body] GET https://firebase-public.firebaseio.com/cli.json {"cloudBuildErrorAfter":1594252800000,"cloudBuildWarnAfter":1590019200000,"defaultNode10After":1594252800000,"minVersion":"3.0.5","node8DeploysDisabledAfter":1613390400000,"node8RuntimeDisabledAfter":1615809600000,"node8WarnAfter":1600128000000}
[debug] [2021-08-28T13:49:03.228Z] ----------------------------------------------------------------------
[debug] [2021-08-28T13:49:03.230Z] Command:       C:\Program Files\nodejs\node.exe C:\Users\admin\AppData\Roaming\npm\node_modules\firebase-tools\lib\bin\firebase.js init
[debug] [2021-08-28T13:49:03.230Z] CLI Version:   9.16.5
[debug] [2021-08-28T13:49:03.230Z] Platform:      win32
[debug] [2021-08-28T13:49:03.230Z] Node Version:  v14.17.5
[debug] [2021-08-28T13:49:03.231Z] Time:          Sat Aug 28 2021 19:19:03 GMT+0530 (India Standard Time)
[debug] [2021-08-28T13:49:03.231Z] ----------------------------------------------------------------------
[debug] 
[debug] [2021-08-28T13:49:03.236Z] > command requires scopes: ["email","openid","https://www.googleapis.com/auth/cloudplatformprojects.readonly","https://www.googleapis.com/auth/firebase","https://www.googleapis.com/auth/cloud-platform"]
[debug] [2021-08-28T13:49:03.236Z] > authorizing via signed-in user (rahulagre555@gmail.com)
[info] 
     ######## #### ########  ######## ########     ###     ######  ########
     ##        ##  ##     ## ##       ##     ##  ##   ##  ##       ##
     ######    ##  ########  ######   ########  #########  ######  ######
     ##        ##  ##    ##  ##       ##     ## ##     ##       ## ##
     ##       #### ##     ## ######## ########  ##     ##  ######  ########

You're about to initialize a Firebase project in this directory:

  D:\Project\google-clone\google-ui-clone

